<?xml version="1.0" encoding="UTF-8"?>
<!-- Generated by org.testng.reporters.JUnitReportReporter -->
<testsuite skipped="0" hostname="DESKTOP-A4ISSNR" name="com.qa.hubspot.test.HomePageTest" tests="3" failures="0" timestamp="2020-02-18T16:05:10 PST" time="0.170" errors="0">
  <testcase name="verifyHomePageHeaderTest" time="0.026" classname="com.qa.hubspot.test.HomePageTest"/>
  <testcase name="verifyAccountnameTest" time="0.138" classname="com.qa.hubspot.test.HomePageTest"/>
  <testcase name="verifyHomePageTitleTest" time="0.006" classname="com.qa.hubspot.test.HomePageTest"/>
</testsuite> <!-- com.qa.hubspot.test.HomePageTest -->
