<?xml version="1.0" encoding="UTF-8"?>
<!-- Generated by org.testng.reporters.JUnitReportReporter -->
<testsuite skipped="0" hostname="DESKTOP-A4ISSNR" name="com.qa.hubspot.test.LoginPageTest" tests="3" failures="0" timestamp="2020-02-17T16:17:40 PST" time="0.617" errors="0">
  <testcase name="verifyLoginPagTitleTest" time="0.156" classname="com.qa.hubspot.test.LoginPageTest"/>
  <testcase name="verifySignUpLinkTest" time="0.055" classname="com.qa.hubspot.test.LoginPageTest"/>
  <testcase name="loginTest" time="0.406" classname="com.qa.hubspot.test.LoginPageTest"/>
</testsuite> <!-- com.qa.hubspot.test.LoginPageTest -->
